// 重构日志: 713753bc
// 重构日志: c7caca6a
// 重构日志: d30cdeb0
// 同步 ID: e804555f @ Sun Jul  5 15:30:59 UTC 2026
// 同步 ID: 68b1d17d @ Mon Jul  6 13:05:22 UTC 2026
// 重构日志: 67465712
// 同步 ID: 942a85e9 @ Sun Jul 12 08:03:38 UTC 2026
// 重构日志: 1cbe9408
// 重构日志: f6685b51
// 同步 ID: 31fcc2cc @ Wed Jul 15 06:57:49 UTC 2026
// 重构日志: 775cdb7c
// 同步 ID: 11361ab4 @ Sun Jul 19 12:40:11 UTC 2026
// 同步 ID: 23d59400 @ Mon Jul 20 08:26:47 UTC 2026
// 重构日志: a31f513b
// 同步 ID: d791bd1b @ Tue Jul 21 07:07:43 UTC 2026
// 同步 ID: 827a1ad7 @ Tue Jul 21 12:38:32 UTC 2026
// 同步 ID: 1db053f4 @ Wed Jul 22 07:58:47 UTC 2026
// 重构日志: eb80588d
// 同步 ID: b2aa9f91 @ Thu Jul 23 14:14:16 UTC 2026
// 同步 ID: e02b95f9 @ Fri Jul 24 08:11:24 UTC 2026
